#
# There is insufficient memory for the Java Runtime Environment to continue.
# Native memory allocation (mmap) failed to map 268435456 bytes for G1 virtual space
# Possible reasons:
#   The system is out of physical RAM or swap space
#   The process is running with CompressedOops enabled, and the Java Heap may be blocking the growth of the native heap
# Possible solutions:
#   Reduce memory load on the system
#   Increase physical memory or swap space
#   Check if swap backing store is full
#   Decrease Java heap size (-Xmx/-Xms)
#   Decrease number of Java threads
#   Decrease Java thread stack sizes (-Xss)
#   Set larger code cache with -XX:ReservedCodeCacheSize=
#   JVM is running with Zero Based Compressed Oops mode in which the Java heap is
#     placed in the first 32GB address space. The Java Heap base address is the
#     maximum limit for the native heap growth. Please use -XX:HeapBaseMinAddress
#     to set the Java Heap base and to place the Java Heap above 32GB virtual address.
# This output file may be truncated or incomplete.
#
#  Out of Memory Error (os_windows.cpp:3548), pid=17736, tid=24460
#
# JRE version:  (17.0.13+10) (build )
# Java VM: Java HotSpot(TM) 64-Bit Server VM (17.0.13+10-LTS-268, mixed mode, sharing, tiered, compressed oops, compressed class ptrs, g1 gc, windows-amd64)
# No core dump will be written. Minidumps are not enabled by default on client versions of Windows
#

---------------  S U M M A R Y ------------

Command Line: -agentlib:jdwp=transport=dt_socket,address=127.0.0.1:8624,suspend=y,server=n -javaagent:C:\Users\admin\AppData\Local\JetBrains\IntelliJIdea2024.1\captureAgent\debugger-agent.jar -Dfile.encoding=UTF-8 com.shoto.spring.environment.PropertySourcesPlaceholderConfigurerDemo

Host: Intel(R) Core(TM) i5-10400F CPU @ 2.90GHz, 12 cores, 15G,  Windows 10 , 64 bit Build 19041 (10.0.19041.5678)
Time: Sun May 11 15:53:04 2025  Windows 10 , 64 bit Build 19041 (10.0.19041.5678) elapsed time: 0.011895 seconds (0d 0h 0m 0s)

---------------  T H R E A D  ---------------

Current thread (0x000001b7b71ba4f0):  JavaThread "Unknown thread" [_thread_in_vm, id=24460, stack(0x0000009f8e000000,0x0000009f8e100000)]

Stack: [0x0000009f8e000000,0x0000009f8e100000]
Native frames: (J=compiled Java code, j=interpreted, Vv=VM code, C=native code)
V  [jvm.dll+0x67a23a]
V  [jvm.dll+0x7da96d]
V  [jvm.dll+0x7dc2b3]
V  [jvm.dll+0x7dc923]
V  [jvm.dll+0x2450ef]
V  [jvm.dll+0x677279]
V  [jvm.dll+0x66bf22]
V  [jvm.dll+0x302006]
V  [jvm.dll+0x3095a6]
V  [jvm.dll+0x359e9e]
V  [jvm.dll+0x35a0cf]
V  [jvm.dll+0x2d90d8]
V  [jvm.dll+0x2da044]
V  [jvm.dll+0x7ace81]
V  [jvm.dll+0x367701]
V  [jvm.dll+0x78bcc9]
V  [jvm.dll+0x3ec9bf]
V  [jvm.dll+0x3ee5f1]
C  [jli.dll+0x5297]
C  [ucrtbase.dll+0x21bb2]
C  [KERNEL32.DLL+0x17374]
C  [ntdll.dll+0x4cc91]


---------------  P R O C E S S  ---------------

Threads class SMR info:
_java_thread_list=0x00007ffe73c58a18, length=0, elements={
}

Java Threads: ( => current thread )

Other Threads:
  0x000001b7b7227dc0 GCTaskThread "GC Thread#0" [stack: 0x0000009f8e100000,0x0000009f8e200000] [id=14056]
  0x000001b7b7239a40 ConcurrentGCThread "G1 Main Marker" [stack: 0x0000009f8e200000,0x0000009f8e300000] [id=20580]
  0x000001b7b723aa00 ConcurrentGCThread "G1 Conc#0" [stack: 0x0000009f8e300000,0x0000009f8e400000] [id=19444]

[error occurred during error reporting (printing all threads), id 0xc0000005, EXCEPTION_ACCESS_VIOLATION (0xc0000005) at pc=0x00007ffe73489bc7]

VM state: not at safepoint (not fully initialized)

VM Mutex/Monitor currently owned by a thread:  ([mutex/lock_event])
[0x000001b7b71b4a30] Heap_lock - owner thread: 0x000001b7b71ba4f0

Heap address: 0x0000000700e00000, size: 4082 MB, Compressed Oops mode: Zero based, Oop shift amount: 3

CDS archive(s) mapped at: [0x0000000000000000-0x0000000000000000-0x0000000000000000), size 0, SharedBaseAddress: 0x0000000800000000, ArchiveRelocationMode: 1.
Narrow klass base: 0x0000000000000000, Narrow klass shift: 0, Narrow klass range: 0x0

GC Precious Log:
<Empty>

Heap:
 garbage-first heap   total 0K, used 0K [0x0000000700e00000, 0x0000000800000000)
  region size 2048K, 0 young (0K), 0 survivors (0K)

[error occurred during error reporting (printing heap information), id 0xc0000005, EXCEPTION_ACCESS_VIOLATION (0xc0000005) at pc=0x00007ffe73873a29]

GC Heap History (0 events):
No events

Deoptimization events (0 events):
No events

Classes unloaded (0 events):
No events

Classes redefined (0 events):
No events

Internal exceptions (0 events):
No events

VM Operations (0 events):
No events

Events (2 events):
Event: 0.007 Loaded shared library D:\Program Files\Java\jdk17\bin\java.dll
Event: 0.007 Loaded shared library D:\Program Files\Java\jdk17\bin\zip.dll


Dynamic libraries:
0x00007ff71ae70000 - 0x00007ff71ae80000 	D:\Program Files\Java\jdk17\bin\java.exe
0x00007ffeba210000 - 0x00007ffeba408000 	C:\WINDOWS\SYSTEM32\ntdll.dll
0x00007ffeb8310000 - 0x00007ffeb83d2000 	C:\WINDOWS\System32\KERNEL32.DLL
0x00007ffeb7af0000 - 0x00007ffeb7de6000 	C:\WINDOWS\System32\KERNELBASE.dll
0x00007ffeb7fd0000 - 0x00007ffeb80d0000 	C:\WINDOWS\System32\ucrtbase.dll
0x00007ffe89f30000 - 0x00007ffe89f49000 	D:\Program Files\Java\jdk17\bin\jli.dll
0x00007ffe89e50000 - 0x00007ffe89e6b000 	D:\Program Files\Java\jdk17\bin\VCRUNTIME140.dll
0x00007ffeb8940000 - 0x00007ffeb89ef000 	C:\WINDOWS\System32\ADVAPI32.dll
0x00007ffeb89f0000 - 0x00007ffeb8a8e000 	C:\WINDOWS\System32\msvcrt.dll
0x00007ffeba0d0000 - 0x00007ffeba16f000 	C:\WINDOWS\System32\sechost.dll
0x00007ffeb8aa0000 - 0x00007ffeb8bc3000 	C:\WINDOWS\System32\RPCRT4.dll
0x00007ffeb7e80000 - 0x00007ffeb7ea7000 	C:\WINDOWS\System32\bcrypt.dll
0x00007ffeb9460000 - 0x00007ffeb95fd000 	C:\WINDOWS\System32\USER32.dll
0x00007ffeb7a10000 - 0x00007ffeb7a32000 	C:\WINDOWS\System32\win32u.dll
0x00007ffeaa180000 - 0x00007ffeaa41a000 	C:\WINDOWS\WinSxS\amd64_microsoft.windows.common-controls_6595b64144ccf1df_6.0.19041.4355_none_60b8b9eb71f62e16\COMCTL32.dll
0x00007ffeb8880000 - 0x00007ffeb88ab000 	C:\WINDOWS\System32\GDI32.dll
0x00007ffeb7eb0000 - 0x00007ffeb7fca000 	C:\WINDOWS\System32\gdi32full.dll
0x00007ffeb7920000 - 0x00007ffeb79bd000 	C:\WINDOWS\System32\msvcp_win.dll
0x00007ffeb1f00000 - 0x00007ffeb1f0a000 	C:\WINDOWS\SYSTEM32\VERSION.dll
0x00007ffeb84f0000 - 0x00007ffeb851f000 	C:\WINDOWS\System32\IMM32.DLL
0x00007ffe8f260000 - 0x00007ffe8f26c000 	D:\Program Files\Java\jdk17\bin\vcruntime140_1.dll
0x00007ffe83a90000 - 0x00007ffe83b1e000 	D:\Program Files\Java\jdk17\bin\msvcp140.dll
0x00007ffe731a0000 - 0x00007ffe73d81000 	D:\Program Files\Java\jdk17\bin\server\jvm.dll
0x00007ffeba0c0000 - 0x00007ffeba0c8000 	C:\WINDOWS\System32\PSAPI.DLL
0x00007ffea0d10000 - 0x00007ffea0d19000 	C:\WINDOWS\SYSTEM32\WSOCK32.dll
0x00007ffea8c80000 - 0x00007ffea8ca7000 	C:\WINDOWS\SYSTEM32\WINMM.dll
0x00007ffeb8c30000 - 0x00007ffeb8c9b000 	C:\WINDOWS\System32\WS2_32.dll
0x00007ffeb5740000 - 0x00007ffeb5752000 	C:\WINDOWS\SYSTEM32\kernel.appcore.dll
0x00007ffe8f140000 - 0x00007ffe8f14a000 	D:\Program Files\Java\jdk17\bin\jimage.dll
0x00007ffea76f0000 - 0x00007ffea78d4000 	C:\WINDOWS\SYSTEM32\DBGHELP.DLL
0x00007ffea2460000 - 0x00007ffea2494000 	C:\WINDOWS\SYSTEM32\dbgcore.DLL
0x00007ffeb7df0000 - 0x00007ffeb7e72000 	C:\WINDOWS\System32\bcryptPrimitives.dll
0x00007ffe89fc0000 - 0x00007ffe89ffb000 	D:\Program Files\Java\jdk17\bin\jdwp.dll
0x00007ffeb2490000 - 0x00007ffeb249e000 	D:\Program Files\Java\jdk17\bin\instrument.dll
0x00007ffe897a0000 - 0x00007ffe897c5000 	D:\Program Files\Java\jdk17\bin\java.dll
0x00007ffe88330000 - 0x00007ffe88348000 	D:\Program Files\Java\jdk17\bin\zip.dll

dbghelp: loaded successfully - version: 4.0.5 - missing functions: none
symbol engine: initialized successfully - sym options: 0x614 - pdb path: .;D:\Program Files\Java\jdk17\bin;C:\WINDOWS\SYSTEM32;C:\WINDOWS\WinSxS\amd64_microsoft.windows.common-controls_6595b64144ccf1df_6.0.19041.4355_none_60b8b9eb71f62e16;D:\Program Files\Java\jdk17\bin\server

VM Arguments:
jvm_args: -agentlib:jdwp=transport=dt_socket,address=127.0.0.1:8624,suspend=y,server=n -javaagent:C:\Users\admin\AppData\Local\JetBrains\IntelliJIdea2024.1\captureAgent\debugger-agent.jar -Dfile.encoding=UTF-8 
java_command: com.shoto.spring.environment.PropertySourcesPlaceholderConfigurerDemo
java_class_path (initial): F:\IdeaProjects\geek-spring\enviroment\target\classes;F:\IdeaProjects\geek-spring\spring-ioc-overview\target\classes;E:\apache-maven-repository\javax\annotation\javax.annotation-api\1.3.2\javax.annotation-api-1.3.2.jar;E:\apache-maven-repository\org\springframework\spring-context\5.3.34\spring-context-5.3.34.jar;E:\apache-maven-repository\org\springframework\spring-aop\5.3.34\spring-aop-5.3.34.jar;E:\apache-maven-repository\org\springframework\spring-expression\5.3.34\spring-expression-5.3.34.jar;E:\apache-maven-repository\org\springframework\spring-beans\5.3.34\spring-beans-5.3.34.jar;E:\apache-maven-repository\org\springframework\spring-core\5.3.34\spring-core-5.3.34.jar;E:\apache-maven-repository\org\springframework\spring-jcl\5.3.34\spring-jcl-5.3.34.jar;D:\Program Files\IntelliJ IDEA 2024.1.2\lib\idea_rt.jar
Launcher Type: SUN_STANDARD

[Global flags]
     intx CICompilerCount                          = 4                                         {product} {ergonomic}
     uint ConcGCThreads                            = 3                                         {product} {ergonomic}
     uint G1ConcRefinementThreads                  = 10                                        {product} {ergonomic}
   size_t G1HeapRegionSize                         = 2097152                                   {product} {ergonomic}
    uintx GCDrainStackTargetSize                   = 64                                        {product} {ergonomic}
   size_t InitialHeapSize                          = 268435456                                 {product} {ergonomic}
   size_t MarkStackSize                            = 4194304                                   {product} {ergonomic}
   size_t MaxHeapSize                              = 4280287232                                {product} {ergonomic}
   size_t MinHeapDeltaBytes                        = 2097152                                   {product} {ergonomic}
   size_t MinHeapSize                              = 8388608                                   {product} {ergonomic}
    uintx NonNMethodCodeHeapSize                   = 5839372                                {pd product} {ergonomic}
    uintx NonProfiledCodeHeapSize                  = 122909434                              {pd product} {ergonomic}
    uintx ProfiledCodeHeapSize                     = 122909434                              {pd product} {ergonomic}
    uintx ReservedCodeCacheSize                    = 251658240                              {pd product} {ergonomic}
     bool SegmentedCodeCache                       = true                                      {product} {ergonomic}
   size_t SoftMaxHeapSize                          = 4280287232                             {manageable} {ergonomic}
     bool UseCompressedClassPointers               = true                           {product lp64_product} {ergonomic}
     bool UseCompressedOops                        = true                           {product lp64_product} {ergonomic}
     bool UseG1GC                                  = true                                      {product} {ergonomic}
     bool UseLargePagesIndividualAllocation        = false                                  {pd product} {ergonomic}

Logging:
Log output configuration:
 #0: stdout all=warning uptime,level,tags
 #1: stderr all=off uptime,level,tags

Environment Variables:
JAVA_HOME=D:\Program Files\Java\jdk17
PATH=C:\WINDOWS\system32;C:\WINDOWS;C:\WINDOWS\System32\Wbem;C:\WINDOWS\System32\WindowsPowerShell\v1.0\;C:\WINDOWS\System32\OpenSSH\;D:\Program Files\Java\jdk17\bin;D:\apache-maven-3.9.8-bin\bin;C:\Program Files\Git\cmd;D:\Program Files\mysql-8.0.42-winx64\bin;C:\Program Files (x86)\dotnet\;C:\Users\admin\AppData\Local\Microsoft\WindowsApps;;D:\Program Files\IntelliJ IDEA 2024.1.2\bin;;D:\Program Files\JetBrains\DataGrip 2025.1.1\bin;
USERNAME=admin
OS=Windows_NT
PROCESSOR_IDENTIFIER=Intel64 Family 6 Model 165 Stepping 3, GenuineIntel



---------------  S Y S T E M  ---------------

OS:
 Windows 10 , 64 bit Build 19041 (10.0.19041.5678)
OS uptime: 10 days 1:04 hours

CPU: total 12 (initial active 12) (6 cores per cpu, 2 threads per core) family 6 model 165 stepping 3 microcode 0xcc, cx8, cmov, fxsr, ht, mmx, 3dnowpref, sse, sse2, sse3, ssse3, sse4.1, sse4.2, popcnt, lzcnt, tsc, tscinvbit, avx, avx2, aes, erms, clmul, bmi1, bmi2, adx, fma, vzeroupper, clflush, clflushopt

Memory: 4k page, system-wide physical 16322M (588M free)
TotalPageFile size 50242M (AvailPageFile size 113M)
current process WorkingSet (physical memory assigned to process): 10M, peak: 10M
current process commit charge ("private bytes"): 64M, peak: 320M

vm_info: Java HotSpot(TM) 64-Bit Server VM (17.0.13+10-LTS-268) for windows-amd64 JRE (17.0.13+10-LTS-268), built on Sep 30 2024 06:33:13 by "mach5one" with MS VC++ 17.6 (VS2022)

END.
